<?xml version="1.0" encoding="UTF-8"?>
<!-- Generated by org.testng.reporters.JUnitReportReporter -->
<testsuite skipped="1" hostname="DESKTOP-AVEB9JS" name="base.NewTest" tests="1" failures="0" timestamp="07 Apr 2019 13:49:40 GMT" time="0.000" errors="0">
  <testcase name="f" time="0.000" classname="base.NewTest">
    <skipped/>
  </testcase> <!-- f -->
</testsuite> <!-- base.NewTest -->
